<?xml version="1.0" encoding="UTF-8"?>
<coverage generated="1740957300144" clover="3.2.0">
  <project timestamp="1740957300144" name="All files">
    <metrics statements="40" coveredstatements="32" conditionals="8" coveredconditionals="5" methods="19" coveredmethods="17" elements="67" coveredelements="54" complexity="0" loc="40" ncloc="40" packages="2" files="5" classes="5"/>
    <package name="models">
      <metrics statements="4" coveredstatements="4" conditionals="0" coveredconditionals="0" methods="0" coveredmethods="0"/>
      <file name="user.js" path="/Users/max/CSC/404Found...ers/packages/backend/models/user.js">
        <metrics statements="4" coveredstatements="4" conditionals="0" coveredconditionals="0" methods="0" coveredmethods="0"/>
        <line num="3" count="1" type="stmt"/>
        <line num="19" count="1" type="stmt"/>
        <line num="33" count="1" type="stmt"/>
        <line num="34" count="1" type="stmt"/>
      </file>
    </package>
    <package name="services">
      <metrics statements="36" coveredstatements="28" conditionals="8" coveredconditionals="5" methods="19" coveredmethods="17"/>
      <file name="generateSeed.js" path="/Users/max/CSC/404Found...ers/packages/backend/services/generateSeed.js">
        <metrics statements="7" coveredstatements="7" conditionals="0" coveredconditionals="0" methods="7" coveredmethods="7"/>
        <line num="11" count="43" type="stmt"/>
        <line num="21" count="4" type="stmt"/>
        <line num="23" count="32" type="stmt"/>
        <line num="24" count="32" type="stmt"/>
        <line num="35" count="1" type="stmt"/>
        <line num="48" count="1" type="stmt"/>
        <line num="55" count="1" type="stmt"/>
      </file>
      <file name="mongoServices.js" path="/Users/max/CSC/404Found...ers/packages/backend/services/mongoServices.js">
        <metrics statements="15" coveredstatements="15" conditionals="2" coveredconditionals="2" methods="7" coveredmethods="7"/>
        <line num="9" count="2" type="stmt"/>
        <line num="10" count="2" type="stmt"/>
        <line num="11" count="2" type="stmt"/>
        <line num="19" count="2" type="stmt"/>
        <line num="20" count="2" type="cond" truecount="2" falsecount="0"/>
        <line num="21" count="1" type="stmt"/>
        <line num="26" count="2" type="stmt"/>
        <line num="34" count="1" type="stmt"/>
        <line num="36" count="1" type="stmt"/>
        <line num="45" count="1" type="stmt"/>
        <line num="53" count="1" type="stmt"/>
        <line num="54" count="1" type="stmt"/>
        <line num="63" count="1" type="stmt"/>
        <line num="64" count="1" type="stmt"/>
        <line num="65" count="1" type="stmt"/>
      </file>
      <file name="spotifyServices.js" path="/Users/max/CSC/404Found...ers/packages/backend/services/spotifyServices.js">
        <metrics statements="12" coveredstatements="5" conditionals="4" coveredconditionals="1" methods="2" coveredmethods="1"/>
        <line num="9" count="1" type="stmt"/>
        <line num="11" count="1" type="stmt"/>
        <line num="17" count="1" type="stmt"/>
        <line num="19" count="1" type="cond" truecount="1" falsecount="1"/>
        <line num="20" count="0" type="stmt"/>
        <line num="22" count="1" type="stmt"/>
        <line num="30" count="0" type="stmt"/>
        <line num="32" count="0" type="stmt"/>
        <line num="43" count="0" type="stmt"/>
        <line num="45" count="0" type="cond" truecount="0" falsecount="2"/>
        <line num="46" count="0" type="stmt"/>
        <line num="48" count="0" type="stmt"/>
      </file>
      <file name="suggestionService.js" path="/Users/max/CSC/404Found...ers/packages/backend/services/suggestionService.js">
        <metrics statements="2" coveredstatements="1" conditionals="2" coveredconditionals="2" methods="3" coveredmethods="2"/>
        <line num="7" count="8" type="cond" truecount="2" falsecount="0"/>
        <line num="19" count="0" type="stmt"/>
      </file>
    </package>
  </project>
</coverage>
