<?xml version="1.0" encoding="UTF-8"?>
<coverage generated="1741023755774" clover="3.2.0">
  <project timestamp="1741023755775" name="All files">
    <metrics statements="28" coveredstatements="26" conditionals="4" coveredconditionals="3" methods="17" coveredmethods="16" elements="49" coveredelements="45" complexity="0" loc="28" ncloc="28" packages="2" files="4" classes="4"/>
    <package name="models">
      <metrics statements="4" coveredstatements="4" conditionals="0" coveredconditionals="0" methods="0" coveredmethods="0"/>
      <file name="user.js" path="/Users/max/CSC/404Found...ers/packages/backend/models/user.js">
        <metrics statements="4" coveredstatements="4" conditionals="0" coveredconditionals="0" methods="0" coveredmethods="0"/>
        <line num="3" count="1" type="stmt"/>
        <line num="19" count="1" type="stmt"/>
        <line num="33" count="1" type="stmt"/>
        <line num="34" count="1" type="stmt"/>
      </file>
    </package>
    <package name="services">
      <metrics statements="24" coveredstatements="22" conditionals="4" coveredconditionals="3" methods="17" coveredmethods="16"/>
      <file name="generateSeed.js" path="/Users/max/CSC/404Found...ers/packages/backend/services/generateSeed.js">
        <metrics statements="7" coveredstatements="7" conditionals="0" coveredconditionals="0" methods="7" coveredmethods="7"/>
        <line num="9" count="43" type="stmt"/>
        <line num="19" count="4" type="stmt"/>
        <line num="21" count="32" type="stmt"/>
        <line num="22" count="32" type="stmt"/>
        <line num="33" count="1" type="stmt"/>
        <line num="46" count="1" type="stmt"/>
        <line num="53" count="1" type="stmt"/>
      </file>
      <file name="mongoServices.js" path="/Users/max/CSC/404Found...ers/packages/backend/services/mongoServices.js">
        <metrics statements="15" coveredstatements="14" conditionals="2" coveredconditionals="1" methods="7" coveredmethods="7"/>
        <line num="9" count="1" type="stmt"/>
        <line num="10" count="1" type="stmt"/>
        <line num="11" count="1" type="stmt"/>
        <line num="19" count="2" type="stmt"/>
        <line num="20" count="2" type="cond" truecount="1" falsecount="1"/>
        <line num="21" count="0" type="stmt"/>
        <line num="26" count="2" type="stmt"/>
        <line num="34" count="1" type="stmt"/>
        <line num="36" count="1" type="stmt"/>
        <line num="45" count="1" type="stmt"/>
        <line num="53" count="1" type="stmt"/>
        <line num="54" count="1" type="stmt"/>
        <line num="63" count="1" type="stmt"/>
        <line num="64" count="1" type="stmt"/>
        <line num="65" count="1" type="stmt"/>
      </file>
      <file name="suggestionService.js" path="/Users/max/CSC/404Found...ers/packages/backend/services/suggestionService.js">
        <metrics statements="2" coveredstatements="1" conditionals="2" coveredconditionals="2" methods="3" coveredmethods="2"/>
        <line num="7" count="8" type="cond" truecount="2" falsecount="0"/>
        <line num="19" count="0" type="stmt"/>
      </file>
    </package>
  </project>
</coverage>
