{
  "/Users/max/CSC/404Found...ers/packages/backend/models/user.js": {
    "path": "/Users/max/CSC/404Found...ers/packages/backend/models/user.js",
    "statementMap": {
      "0": {
        "start": { "line": 3, "column": 25 },
        "end": { "line": 17, "column": 2 }
      },
      "1": {
        "start": { "line": 19, "column": 19 },
        "end": { "line": 31, "column": 2 }
      },
      "2": {
        "start": { "line": 33, "column": 13 },
        "end": { "line": 33, "column": 47 }
      },
      "3": {
        "start": { "line": 34, "column": 19 },
        "end": { "line": 34, "column": 65 }
      }
    },
    "fnMap": {},
    "branchMap": {},
    "s": { "0": 1, "1": 1, "2": 1, "3": 1 },
    "f": {},
    "b": {},
    "inputSourceMap": null,
    "_coverageSchema": "1a1c01bbd47fc00a2c39e90264f33305004495a9",
    "hash": "54fc5d03442aa2dd44f7b127b32189240828b3a1"
  },
  "/Users/max/CSC/404Found...ers/packages/backend/services/generateSeed.js": {
    "path": "/Users/max/CSC/404Found...ers/packages/backend/services/generateSeed.js",
    "statementMap": {
      "0": {
        "start": { "line": 9, "column": 4 },
        "end": { "line": 9, "column": 57 }
      },
      "1": {
        "start": { "line": 9, "column": 31 },
        "end": { "line": 9, "column": 48 }
      },
      "2": {
        "start": { "line": 19, "column": 2 },
        "end": { "line": 23, "column": 4 }
      },
      "3": {
        "start": { "line": 21, "column": 27 },
        "end": { "line": 21, "column": 50 }
      },
      "4": {
        "start": { "line": 22, "column": 24 },
        "end": { "line": 22, "column": 29 }
      },
      "5": {
        "start": { "line": 22, "column": 61 },
        "end": { "line": 22, "column": 66 }
      },
      "6": {
        "start": { "line": 33, "column": 19 },
        "end": { "line": 42, "column": 3 }
      },
      "7": {
        "start": { "line": 46, "column": 20 },
        "end": { "line": 51, "column": 5 }
      },
      "8": {
        "start": { "line": 53, "column": 4 },
        "end": { "line": 58, "column": 5 }
      }
    },
    "fnMap": {
      "0": {
        "name": "findScore",
        "decl": {
          "start": { "line": 8, "column": 9 },
          "end": { "line": 8, "column": 18 }
        },
        "loc": {
          "start": { "line": 8, "column": 38 },
          "end": { "line": 10, "column": 1 }
        },
        "line": 8
      },
      "1": {
        "name": "(anonymous_1)",
        "decl": {
          "start": { "line": 9, "column": 26 },
          "end": { "line": 9, "column": 27 }
        },
        "loc": {
          "start": { "line": 9, "column": 31 },
          "end": { "line": 9, "column": 48 }
        },
        "line": 9
      },
      "2": {
        "name": "getMeasure",
        "decl": {
          "start": { "line": 18, "column": 9 },
          "end": { "line": 18, "column": 19 }
        },
        "loc": {
          "start": { "line": 18, "column": 41 },
          "end": { "line": 24, "column": 1 }
        },
        "line": 18
      },
      "3": {
        "name": "(anonymous_3)",
        "decl": {
          "start": { "line": 21, "column": 11 },
          "end": { "line": 21, "column": 12 }
        },
        "loc": {
          "start": { "line": 21, "column": 27 },
          "end": { "line": 21, "column": 50 }
        },
        "line": 21
      },
      "4": {
        "name": "(anonymous_4)",
        "decl": {
          "start": { "line": 22, "column": 14 },
          "end": { "line": 22, "column": 15 }
        },
        "loc": {
          "start": { "line": 22, "column": 24 },
          "end": { "line": 22, "column": 29 }
        },
        "line": 22
      },
      "5": {
        "name": "(anonymous_5)",
        "decl": {
          "start": { "line": 22, "column": 51 },
          "end": { "line": 22, "column": 52 }
        },
        "loc": {
          "start": { "line": 22, "column": 61 },
          "end": { "line": 22, "column": 66 }
        },
        "line": 22
      },
      "6": {
        "name": "generateSeed",
        "decl": {
          "start": { "line": 31, "column": 9 },
          "end": { "line": 31, "column": 21 }
        },
        "loc": {
          "start": { "line": 31, "column": 32 },
          "end": { "line": 59, "column": 1 }
        },
        "line": 31
      }
    },
    "branchMap": {},
    "s": {
      "0": 10,
      "1": 43,
      "2": 4,
      "3": 32,
      "4": 32,
      "5": 32,
      "6": 1,
      "7": 1,
      "8": 1
    },
    "f": { "0": 10, "1": 43, "2": 4, "3": 32, "4": 32, "5": 32, "6": 1 },
    "b": {},
    "inputSourceMap": null,
    "_coverageSchema": "1a1c01bbd47fc00a2c39e90264f33305004495a9",
    "hash": "64350433fef5782693194c58eaae9e1892265d5d"
  },
  "/Users/max/CSC/404Found...ers/packages/backend/services/mongoServices.js": {
    "path": "/Users/max/CSC/404Found...ers/packages/backend/services/mongoServices.js",
    "statementMap": {
      "0": {
        "start": { "line": 9, "column": 21 },
        "end": { "line": 9, "column": 35 }
      },
      "1": {
        "start": { "line": 10, "column": 20 },
        "end": { "line": 10, "column": 35 }
      },
      "2": {
        "start": { "line": 11, "column": 4 },
        "end": { "line": 11, "column": 18 }
      },
      "3": {
        "start": { "line": 19, "column": 15 },
        "end": { "line": 19, "column": 45 }
      },
      "4": {
        "start": { "line": 20, "column": 4 },
        "end": { "line": 25, "column": 5 }
      },
      "5": {
        "start": { "line": 21, "column": 8 },
        "end": { "line": 24, "column": 11 }
      },
      "6": {
        "start": { "line": 26, "column": 4 },
        "end": { "line": 26, "column": 15 }
      },
      "7": {
        "start": { "line": 34, "column": 4 },
        "end": { "line": 36, "column": 36 }
      },
      "8": {
        "start": { "line": 36, "column": 18 },
        "end": { "line": 36, "column": 34 }
      },
      "9": {
        "start": { "line": 45, "column": 4 },
        "end": { "line": 45, "column": 56 }
      },
      "10": {
        "start": { "line": 53, "column": 4 },
        "end": { "line": 53, "column": 33 }
      },
      "11": {
        "start": { "line": 54, "column": 4 },
        "end": { "line": 54, "column": 45 }
      },
      "12": {
        "start": { "line": 63, "column": 27 },
        "end": { "line": 63, "column": 53 }
      },
      "13": {
        "start": { "line": 64, "column": 20 },
        "end": { "line": 64, "column": 41 }
      },
      "14": {
        "start": { "line": 65, "column": 4 },
        "end": { "line": 65, "column": 19 }
      }
    },
    "fnMap": {
      "0": {
        "name": "addUser",
        "decl": {
          "start": { "line": 8, "column": 9 },
          "end": { "line": 8, "column": 16 }
        },
        "loc": {
          "start": { "line": 8, "column": 23 },
          "end": { "line": 12, "column": 1 }
        },
        "line": 8
      },
      "1": {
        "name": "findUser",
        "decl": {
          "start": { "line": 18, "column": 15 },
          "end": { "line": 18, "column": 23 }
        },
        "loc": {
          "start": { "line": 18, "column": 35 },
          "end": { "line": 27, "column": 1 }
        },
        "line": 18
      },
      "2": {
        "name": "findSuggestions",
        "decl": {
          "start": { "line": 33, "column": 9 },
          "end": { "line": 33, "column": 24 }
        },
        "loc": {
          "start": { "line": 33, "column": 36 },
          "end": { "line": 37, "column": 1 }
        },
        "line": 33
      },
      "3": {
        "name": "(anonymous_3)",
        "decl": {
          "start": { "line": 36, "column": 10 },
          "end": { "line": 36, "column": 11 }
        },
        "loc": {
          "start": { "line": 36, "column": 18 },
          "end": { "line": 36, "column": 34 }
        },
        "line": 36
      },
      "4": {
        "name": "removeSuggestions",
        "decl": {
          "start": { "line": 44, "column": 9 },
          "end": { "line": 44, "column": 26 }
        },
        "loc": {
          "start": { "line": 44, "column": 38 },
          "end": { "line": 46, "column": 1 }
        },
        "line": 44
      },
      "5": {
        "name": "removeUser",
        "decl": {
          "start": { "line": 52, "column": 9 },
          "end": { "line": 52, "column": 19 }
        },
        "loc": {
          "start": { "line": 52, "column": 31 },
          "end": { "line": 55, "column": 1 }
        },
        "line": 52
      },
      "6": {
        "name": "addSuggestion",
        "decl": {
          "start": { "line": 61, "column": 9 },
          "end": { "line": 61, "column": 22 }
        },
        "loc": {
          "start": { "line": 61, "column": 35 },
          "end": { "line": 66, "column": 1 }
        },
        "line": 61
      }
    },
    "branchMap": {
      "0": {
        "loc": {
          "start": { "line": 20, "column": 4 },
          "end": { "line": 25, "column": 5 }
        },
        "type": "if",
        "locations": [
          {
            "start": { "line": 20, "column": 4 },
            "end": { "line": 25, "column": 5 }
          },
          { "start": {}, "end": {} }
        ],
        "line": 20
      }
    },
    "s": {
      "0": 1,
      "1": 1,
      "2": 1,
      "3": 2,
      "4": 2,
      "5": 0,
      "6": 2,
      "7": 1,
      "8": 1,
      "9": 1,
      "10": 1,
      "11": 1,
      "12": 1,
      "13": 1,
      "14": 1
    },
    "f": { "0": 1, "1": 2, "2": 1, "3": 1, "4": 1, "5": 1, "6": 1 },
    "b": { "0": [0, 2] },
    "inputSourceMap": null,
    "_coverageSchema": "1a1c01bbd47fc00a2c39e90264f33305004495a9",
    "hash": "af435266d79db0bf90b6a29c6d012271dbd97fd6"
  },
  "/Users/max/CSC/404Found...ers/packages/backend/services/suggestionService.js": {
    "path": "/Users/max/CSC/404Found...ers/packages/backend/services/suggestionService.js",
    "statementMap": {
      "0": {
        "start": { "line": 7, "column": 4 },
        "end": { "line": 7, "column": 89 }
      },
      "1": {
        "start": { "line": 7, "column": 39 },
        "end": { "line": 7, "column": 70 }
      },
      "2": {
        "start": { "line": 19, "column": 4 },
        "end": { "line": 25, "column": 5 }
      }
    },
    "fnMap": {
      "0": {
        "name": "getMainEmotion",
        "decl": {
          "start": { "line": 6, "column": 9 },
          "end": { "line": 6, "column": 23 }
        },
        "loc": {
          "start": { "line": 6, "column": 33 },
          "end": { "line": 8, "column": 1 }
        },
        "line": 6
      },
      "1": {
        "name": "(anonymous_1)",
        "decl": {
          "start": { "line": 7, "column": 26 },
          "end": { "line": 7, "column": 27 }
        },
        "loc": {
          "start": { "line": 7, "column": 39 },
          "end": { "line": 7, "column": 70 }
        },
        "line": 7
      },
      "2": {
        "name": "getSuggestions",
        "decl": {
          "start": { "line": 14, "column": 9 },
          "end": { "line": 14, "column": 23 }
        },
        "loc": {
          "start": { "line": 14, "column": 39 },
          "end": { "line": 26, "column": 1 }
        },
        "line": 14
      }
    },
    "branchMap": {
      "0": {
        "loc": {
          "start": { "line": 7, "column": 39 },
          "end": { "line": 7, "column": 70 }
        },
        "type": "cond-expr",
        "locations": [
          {
            "start": { "line": 7, "column": 62 },
            "end": { "line": 7, "column": 64 }
          },
          {
            "start": { "line": 7, "column": 67 },
            "end": { "line": 7, "column": 70 }
          }
        ],
        "line": 7
      }
    },
    "s": { "0": 1, "1": 8, "2": 0 },
    "f": { "0": 1, "1": 8, "2": 0 },
    "b": { "0": [2, 6] },
    "inputSourceMap": null,
    "_coverageSchema": "1a1c01bbd47fc00a2c39e90264f33305004495a9",
    "hash": "7aded20d63d751d712b6a89f2e54704ac2d7e1ec"
  }
}
