{"/Users/max/CSC/404Found...ers/packages/backend/models/user.js": {"path":"/Users/max/CSC/404Found...ers/packages/backend/models/user.js","statementMap":{"0":{"start":{"line":3,"column":25},"end":{"line":17,"column":2}},"1":{"start":{"line":19,"column":19},"end":{"line":31,"column":2}},"2":{"start":{"line":33,"column":13},"end":{"line":33,"column":47}},"3":{"start":{"line":34,"column":19},"end":{"line":34,"column":65}}},"fnMap":{},"branchMap":{},"s":{"0":1,"1":1,"2":1,"3":1},"f":{},"b":{},"inputSourceMap":null,"_coverageSchema":"1a1c01bbd47fc00a2c39e90264f33305004495a9","hash":"54fc5d03442aa2dd44f7b127b32189240828b3a1"}
,"/Users/max/CSC/404Found...ers/packages/backend/services/generateSeed.js": {"path":"/Users/max/CSC/404Found...ers/packages/backend/services/generateSeed.js","statementMap":{"0":{"start":{"line":11,"column":4},"end":{"line":11,"column":57}},"1":{"start":{"line":11,"column":31},"end":{"line":11,"column":48}},"2":{"start":{"line":21,"column":2},"end":{"line":25,"column":4}},"3":{"start":{"line":23,"column":27},"end":{"line":23,"column":50}},"4":{"start":{"line":24,"column":24},"end":{"line":24,"column":29}},"5":{"start":{"line":24,"column":61},"end":{"line":24,"column":66}},"6":{"start":{"line":35,"column":19},"end":{"line":44,"column":3}},"7":{"start":{"line":48,"column":20},"end":{"line":53,"column":5}},"8":{"start":{"line":55,"column":4},"end":{"line":60,"column":5}}},"fnMap":{"0":{"name":"findScore","decl":{"start":{"line":10,"column":9},"end":{"line":10,"column":18}},"loc":{"start":{"line":10,"column":38},"end":{"line":12,"column":1}},"line":10},"1":{"name":"(anonymous_1)","decl":{"start":{"line":11,"column":26},"end":{"line":11,"column":27}},"loc":{"start":{"line":11,"column":31},"end":{"line":11,"column":48}},"line":11},"2":{"name":"getMeasure","decl":{"start":{"line":20,"column":9},"end":{"line":20,"column":19}},"loc":{"start":{"line":20,"column":41},"end":{"line":26,"column":1}},"line":20},"3":{"name":"(anonymous_3)","decl":{"start":{"line":23,"column":11},"end":{"line":23,"column":12}},"loc":{"start":{"line":23,"column":27},"end":{"line":23,"column":50}},"line":23},"4":{"name":"(anonymous_4)","decl":{"start":{"line":24,"column":14},"end":{"line":24,"column":15}},"loc":{"start":{"line":24,"column":24},"end":{"line":24,"column":29}},"line":24},"5":{"name":"(anonymous_5)","decl":{"start":{"line":24,"column":51},"end":{"line":24,"column":52}},"loc":{"start":{"line":24,"column":61},"end":{"line":24,"column":66}},"line":24},"6":{"name":"generateSeed","decl":{"start":{"line":33,"column":9},"end":{"line":33,"column":21}},"loc":{"start":{"line":33,"column":32},"end":{"line":61,"column":1}},"line":33}},"branchMap":{},"s":{"0":10,"1":43,"2":4,"3":32,"4":32,"5":32,"6":1,"7":1,"8":1},"f":{"0":10,"1":43,"2":4,"3":32,"4":32,"5":32,"6":1},"b":{},"inputSourceMap":null,"_coverageSchema":"1a1c01bbd47fc00a2c39e90264f33305004495a9","hash":"0dbc7a96abf932a00b7a7f3a043a17e4790a1a1f"}
,"/Users/max/CSC/404Found...ers/packages/backend/services/mongoServices.js": {"path":"/Users/max/CSC/404Found...ers/packages/backend/services/mongoServices.js","statementMap":{"0":{"start":{"line":9,"column":21},"end":{"line":9,"column":35}},"1":{"start":{"line":10,"column":20},"end":{"line":10,"column":35}},"2":{"start":{"line":11,"column":4},"end":{"line":11,"column":18}},"3":{"start":{"line":19,"column":15},"end":{"line":19,"column":45}},"4":{"start":{"line":20,"column":4},"end":{"line":25,"column":5}},"5":{"start":{"line":21,"column":8},"end":{"line":24,"column":11}},"6":{"start":{"line":26,"column":4},"end":{"line":26,"column":15}},"7":{"start":{"line":34,"column":4},"end":{"line":36,"column":36}},"8":{"start":{"line":36,"column":18},"end":{"line":36,"column":34}},"9":{"start":{"line":45,"column":4},"end":{"line":45,"column":56}},"10":{"start":{"line":53,"column":4},"end":{"line":53,"column":33}},"11":{"start":{"line":54,"column":4},"end":{"line":54,"column":45}},"12":{"start":{"line":63,"column":27},"end":{"line":63,"column":53}},"13":{"start":{"line":64,"column":20},"end":{"line":64,"column":41}},"14":{"start":{"line":65,"column":4},"end":{"line":65,"column":19}}},"fnMap":{"0":{"name":"addUser","decl":{"start":{"line":8,"column":9},"end":{"line":8,"column":16}},"loc":{"start":{"line":8,"column":23},"end":{"line":12,"column":1}},"line":8},"1":{"name":"findUser","decl":{"start":{"line":18,"column":15},"end":{"line":18,"column":23}},"loc":{"start":{"line":18,"column":35},"end":{"line":27,"column":1}},"line":18},"2":{"name":"findSuggestions","decl":{"start":{"line":33,"column":9},"end":{"line":33,"column":24}},"loc":{"start":{"line":33,"column":36},"end":{"line":37,"column":1}},"line":33},"3":{"name":"(anonymous_3)","decl":{"start":{"line":36,"column":10},"end":{"line":36,"column":11}},"loc":{"start":{"line":36,"column":18},"end":{"line":36,"column":34}},"line":36},"4":{"name":"removeSuggestions","decl":{"start":{"line":44,"column":9},"end":{"line":44,"column":26}},"loc":{"start":{"line":44,"column":38},"end":{"line":46,"column":1}},"line":44},"5":{"name":"removeUser","decl":{"start":{"line":52,"column":9},"end":{"line":52,"column":19}},"loc":{"start":{"line":52,"column":31},"end":{"line":55,"column":1}},"line":52},"6":{"name":"addSuggestion","decl":{"start":{"line":61,"column":9},"end":{"line":61,"column":22}},"loc":{"start":{"line":61,"column":35},"end":{"line":66,"column":1}},"line":61}},"branchMap":{"0":{"loc":{"start":{"line":20,"column":4},"end":{"line":25,"column":5}},"type":"if","locations":[{"start":{"line":20,"column":4},"end":{"line":25,"column":5}},{"start":{},"end":{}}],"line":20}},"s":{"0":2,"1":2,"2":2,"3":2,"4":2,"5":1,"6":2,"7":1,"8":1,"9":1,"10":1,"11":1,"12":1,"13":1,"14":1},"f":{"0":2,"1":2,"2":1,"3":1,"4":1,"5":1,"6":1},"b":{"0":[1,1]},"inputSourceMap":null,"_coverageSchema":"1a1c01bbd47fc00a2c39e90264f33305004495a9","hash":"af435266d79db0bf90b6a29c6d012271dbd97fd6"}
,"/Users/max/CSC/404Found...ers/packages/backend/services/spotifyServices.js": {"path":"/Users/max/CSC/404Found...ers/packages/backend/services/spotifyServices.js","statementMap":{"0":{"start":{"line":9,"column":14},"end":{"line":9,"column":45}},"1":{"start":{"line":11,"column":19},"end":{"line":15,"column":4}},"2":{"start":{"line":17,"column":19},"end":{"line":17,"column":40}},"3":{"start":{"line":19,"column":2},"end":{"line":21,"column":3}},"4":{"start":{"line":20,"column":4},"end":{"line":20,"column":14}},"5":{"start":{"line":22,"column":2},"end":{"line":22,"column":21}},"6":{"start":{"line":30,"column":14},"end":{"line":30,"column":57}},"7":{"start":{"line":32,"column":19},"end":{"line":41,"column":4}},"8":{"start":{"line":43,"column":19},"end":{"line":43,"column":40}},"9":{"start":{"line":45,"column":2},"end":{"line":47,"column":3}},"10":{"start":{"line":46,"column":4},"end":{"line":46,"column":14}},"11":{"start":{"line":48,"column":2},"end":{"line":48,"column":24}}},"fnMap":{"0":{"name":"getUserId","decl":{"start":{"line":8,"column":15},"end":{"line":8,"column":24}},"loc":{"start":{"line":8,"column":38},"end":{"line":23,"column":1}},"line":8},"1":{"name":"getTopArtists","decl":{"start":{"line":29,"column":15},"end":{"line":29,"column":28}},"loc":{"start":{"line":29,"column":42},"end":{"line":49,"column":1}},"line":29}},"branchMap":{"0":{"loc":{"start":{"line":19,"column":2},"end":{"line":21,"column":3}},"type":"if","locations":[{"start":{"line":19,"column":2},"end":{"line":21,"column":3}},{"start":{},"end":{}}],"line":19},"1":{"loc":{"start":{"line":45,"column":2},"end":{"line":47,"column":3}},"type":"if","locations":[{"start":{"line":45,"column":2},"end":{"line":47,"column":3}},{"start":{},"end":{}}],"line":45}},"s":{"0":1,"1":1,"2":1,"3":1,"4":0,"5":1,"6":0,"7":0,"8":0,"9":0,"10":0,"11":0},"f":{"0":1,"1":0},"b":{"0":[0,1],"1":[0,0]},"inputSourceMap":null,"_coverageSchema":"1a1c01bbd47fc00a2c39e90264f33305004495a9","hash":"76ca25ca0c9def78fc75035cc9b47e9450cc06e0"}
,"/Users/max/CSC/404Found...ers/packages/backend/services/suggestionService.js": {"path":"/Users/max/CSC/404Found...ers/packages/backend/services/suggestionService.js","statementMap":{"0":{"start":{"line":7,"column":4},"end":{"line":7,"column":89}},"1":{"start":{"line":7,"column":39},"end":{"line":7,"column":70}},"2":{"start":{"line":19,"column":4},"end":{"line":25,"column":5}}},"fnMap":{"0":{"name":"getMainEmotion","decl":{"start":{"line":6,"column":9},"end":{"line":6,"column":23}},"loc":{"start":{"line":6,"column":33},"end":{"line":8,"column":1}},"line":6},"1":{"name":"(anonymous_1)","decl":{"start":{"line":7,"column":26},"end":{"line":7,"column":27}},"loc":{"start":{"line":7,"column":39},"end":{"line":7,"column":70}},"line":7},"2":{"name":"getSuggestions","decl":{"start":{"line":14,"column":9},"end":{"line":14,"column":23}},"loc":{"start":{"line":14,"column":39},"end":{"line":26,"column":1}},"line":14}},"branchMap":{"0":{"loc":{"start":{"line":7,"column":39},"end":{"line":7,"column":70}},"type":"cond-expr","locations":[{"start":{"line":7,"column":62},"end":{"line":7,"column":64}},{"start":{"line":7,"column":67},"end":{"line":7,"column":70}}],"line":7}},"s":{"0":1,"1":8,"2":0},"f":{"0":1,"1":8,"2":0},"b":{"0":[2,6]},"inputSourceMap":null,"_coverageSchema":"1a1c01bbd47fc00a2c39e90264f33305004495a9","hash":"7aded20d63d751d712b6a89f2e54704ac2d7e1ec"}
}
