TN:
SF:models/user.js
FNF:0
FNH:0
DA:3,1
DA:19,1
DA:33,1
DA:34,1
LF:4
LH:4
BRF:0
BRH:0
end_of_record
TN:
SF:services/generateSeed.js
FN:8,findScore
FN:9,(anonymous_1)
FN:18,getMeasure
FN:21,(anonymous_3)
FN:22,(anonymous_4)
FN:22,(anonymous_5)
FN:31,generateSeed
FNF:7
FNH:7
FNDA:10,findScore
FNDA:43,(anonymous_1)
FNDA:4,getMeasure
FNDA:32,(anonymous_3)
FNDA:32,(anonymous_4)
FNDA:32,(anonymous_5)
FNDA:1,generateSeed
DA:9,43
DA:19,4
DA:21,32
DA:22,32
DA:33,1
DA:46,1
DA:53,1
LF:7
LH:7
BRF:0
BRH:0
end_of_record
TN:
SF:services/mongoServices.js
FN:8,addUser
FN:18,findUser
FN:33,findSuggestions
FN:36,(anonymous_3)
FN:44,removeSuggestions
FN:52,removeUser
FN:61,addSuggestion
FNF:7
FNH:7
FNDA:1,addUser
FNDA:2,findUser
FNDA:1,findSuggestions
FNDA:1,(anonymous_3)
FNDA:1,removeSuggestions
FNDA:1,removeUser
FNDA:1,addSuggestion
DA:9,1
DA:10,1
DA:11,1
DA:19,2
DA:20,2
DA:21,0
DA:26,2
DA:34,1
DA:36,1
DA:45,1
DA:53,1
DA:54,1
DA:63,1
DA:64,1
DA:65,1
LF:15
LH:14
BRDA:20,0,0,0
BRDA:20,0,1,2
BRF:2
BRH:1
end_of_record
TN:
SF:services/suggestionService.js
FN:6,getMainEmotion
FN:7,(anonymous_1)
FN:14,getSuggestions
FNF:3
FNH:2
FNDA:1,getMainEmotion
FNDA:8,(anonymous_1)
FNDA:0,getSuggestions
DA:7,8
DA:19,0
LF:2
LH:1
BRDA:7,0,0,2
BRDA:7,0,1,6
BRF:2
BRH:2
end_of_record
