TN:
SF:models/user.js
FNF:0
FNH:0
DA:3,1
DA:19,1
DA:33,1
DA:34,1
LF:4
LH:4
BRF:0
BRH:0
end_of_record
TN:
SF:services/generateSeed.js
FN:10,findScore
FN:11,(anonymous_1)
FN:20,getMeasure
FN:23,(anonymous_3)
FN:24,(anonymous_4)
FN:24,(anonymous_5)
FN:33,generateSeed
FNF:7
FNH:7
FNDA:10,findScore
FNDA:43,(anonymous_1)
FNDA:4,getMeasure
FNDA:32,(anonymous_3)
FNDA:32,(anonymous_4)
FNDA:32,(anonymous_5)
FNDA:1,generateSeed
DA:11,43
DA:21,4
DA:23,32
DA:24,32
DA:35,1
DA:48,1
DA:55,1
LF:7
LH:7
BRF:0
BRH:0
end_of_record
TN:
SF:services/mongoServices.js
FN:8,addUser
FN:18,findUser
FN:33,findSuggestions
FN:36,(anonymous_3)
FN:44,removeSuggestions
FN:52,removeUser
FN:61,addSuggestion
FNF:7
FNH:7
FNDA:2,addUser
FNDA:2,findUser
FNDA:1,findSuggestions
FNDA:1,(anonymous_3)
FNDA:1,removeSuggestions
FNDA:1,removeUser
FNDA:1,addSuggestion
DA:9,2
DA:10,2
DA:11,2
DA:19,2
DA:20,2
DA:21,1
DA:26,2
DA:34,1
DA:36,1
DA:45,1
DA:53,1
DA:54,1
DA:63,1
DA:64,1
DA:65,1
LF:15
LH:15
BRDA:20,0,0,1
BRDA:20,0,1,1
BRF:2
BRH:2
end_of_record
TN:
SF:services/spotifyServices.js
FN:8,getUserId
FN:29,getTopArtists
FNF:2
FNH:1
FNDA:1,getUserId
FNDA:0,getTopArtists
DA:9,1
DA:11,1
DA:17,1
DA:19,1
DA:20,0
DA:22,1
DA:30,0
DA:32,0
DA:43,0
DA:45,0
DA:46,0
DA:48,0
LF:12
LH:5
BRDA:19,0,0,0
BRDA:19,0,1,1
BRDA:45,1,0,0
BRDA:45,1,1,0
BRF:4
BRH:1
end_of_record
TN:
SF:services/suggestionService.js
FN:6,getMainEmotion
FN:7,(anonymous_1)
FN:14,getSuggestions
FNF:3
FNH:2
FNDA:1,getMainEmotion
FNDA:8,(anonymous_1)
FNDA:0,getSuggestions
DA:7,8
DA:19,0
LF:2
LH:1
BRDA:7,0,0,2
BRDA:7,0,1,6
BRF:2
BRH:2
end_of_record
